<?xml version="1.0" encoding="UTF-8"?>
<testsuite name="com.globallogic.mainlogin.MainLoginApplicationTests" tests="1" skipped="0" failures="0" errors="0" timestamp="2020-01-30T18:13:50" hostname="CLS3123241FWZ" time="0.445">
  <properties/>
  <testcase name="contextLoads()" classname="com.globallogic.mainlogin.MainLoginApplicationTests" time="0.445"/>
  <system-out><![CDATA[15:13:47.926 [Test worker] DEBUG org.springframework.test.context.BootstrapUtils - Instantiating CacheAwareContextLoaderDelegate from class [org.springframework.test.context.cache.DefaultCacheAwareContextLoaderDelegate]
15:13:47.949 [Test worker] DEBUG org.springframework.test.context.BootstrapUtils - Instantiating BootstrapContext using constructor [public org.springframework.test.context.support.DefaultBootstrapContext(java.lang.Class,org.springframework.test.context.CacheAwareContextLoaderDelegate)]
15:13:47.990 [Test worker] DEBUG org.springframework.test.context.BootstrapUtils - Instantiating TestContextBootstrapper for test class [com.globallogic.mainlogin.MainLoginApplicationTests] from class [org.springframework.boot.test.context.SpringBootTestContextBootstrapper]
15:13:48.017 [Test worker] INFO org.springframework.boot.test.context.SpringBootTestContextBootstrapper - Neither @ContextConfiguration nor @ContextHierarchy found for test class [com.globallogic.mainlogin.MainLoginApplicationTests], using SpringBootContextLoader
15:13:48.024 [Test worker] DEBUG org.springframework.test.context.support.AbstractContextLoader - Did not detect default resource location for test class [com.globallogic.mainlogin.MainLoginApplicationTests]: class path resource [com/globallogic/mainlogin/MainLoginApplicationTests-context.xml] does not exist
15:13:48.025 [Test worker] DEBUG org.springframework.test.context.support.AbstractContextLoader - Did not detect default resource location for test class [com.globallogic.mainlogin.MainLoginApplicationTests]: class path resource [com/globallogic/mainlogin/MainLoginApplicationTestsContext.groovy] does not exist
15:13:48.025 [Test worker] INFO org.springframework.test.context.support.AbstractContextLoader - Could not detect default resource locations for test class [com.globallogic.mainlogin.MainLoginApplicationTests]: no resource found for suffixes {-context.xml, Context.groovy}.
15:13:48.026 [Test worker] INFO org.springframework.test.context.support.AnnotationConfigContextLoaderUtils - Could not detect default configuration classes for test class [com.globallogic.mainlogin.MainLoginApplicationTests]: MainLoginApplicationTests does not declare any static, non-private, non-final, nested classes annotated with @Configuration.
15:13:48.087 [Test worker] DEBUG org.springframework.test.context.support.ActiveProfilesUtils - Could not find an 'annotation declaring class' for annotation type [org.springframework.test.context.ActiveProfiles] and class [com.globallogic.mainlogin.MainLoginApplicationTests]
15:13:48.237 [Test worker] DEBUG org.springframework.context.annotation.ClassPathScanningCandidateComponentProvider - Identified candidate component class: file [C:\repository\MAURICIO\main-login\build\classes\java\main\com\globallogic\mainlogin\MainLoginApplication.class]
15:13:48.241 [Test worker] INFO org.springframework.boot.test.context.SpringBootTestContextBootstrapper - Found @SpringBootConfiguration com.globallogic.mainlogin.MainLoginApplication for test class com.globallogic.mainlogin.MainLoginApplicationTests
15:13:48.395 [Test worker] DEBUG org.springframework.boot.test.context.SpringBootTestContextBootstrapper - @TestExecutionListeners is not present for class [com.globallogic.mainlogin.MainLoginApplicationTests]: using defaults.
15:13:48.395 [Test worker] INFO org.springframework.boot.test.context.SpringBootTestContextBootstrapper - Loaded default TestExecutionListener class names from location [META-INF/spring.factories]: [org.springframework.boot.test.autoconfigure.restdocs.RestDocsTestExecutionListener, org.springframework.boot.test.autoconfigure.web.client.MockRestServiceServerResetTestExecutionListener, org.springframework.boot.test.autoconfigure.web.servlet.MockMvcPrintOnlyOnFailureTestExecutionListener, org.springframework.boot.test.autoconfigure.web.servlet.WebDriverTestExecutionListener, org.springframework.boot.test.mock.mockito.MockitoTestExecutionListener, org.springframework.boot.test.mock.mockito.ResetMocksTestExecutionListener, org.springframework.test.context.web.ServletTestExecutionListener, org.springframework.test.context.support.DirtiesContextBeforeModesTestExecutionListener, org.springframework.test.context.support.DependencyInjectionTestExecutionListener, org.springframework.test.context.support.DirtiesContextTestExecutionListener, org.springframework.test.context.transaction.TransactionalTestExecutionListener, org.springframework.test.context.jdbc.SqlScriptsTestExecutionListener, org.springframework.test.context.event.EventPublishingTestExecutionListener]
15:13:48.415 [Test worker] DEBUG org.springframework.boot.test.context.SpringBootTestContextBootstrapper - Skipping candidate TestExecutionListener [org.springframework.test.context.transaction.TransactionalTestExecutionListener] due to a missing dependency. Specify custom listener classes or make the default listener classes and their required dependencies available. Offending class: [org/springframework/transaction/interceptor/TransactionAttributeSource]
15:13:48.416 [Test worker] DEBUG org.springframework.boot.test.context.SpringBootTestContextBootstrapper - Skipping candidate TestExecutionListener [org.springframework.test.context.jdbc.SqlScriptsTestExecutionListener] due to a missing dependency. Specify custom listener classes or make the default listener classes and their required dependencies available. Offending class: [org/springframework/transaction/interceptor/TransactionAttribute]
15:13:48.416 [Test worker] INFO org.springframework.boot.test.context.SpringBootTestContextBootstrapper - Using TestExecutionListeners: [org.springframework.test.context.web.ServletTestExecutionListener@4baa3cbc, org.springframework.test.context.support.DirtiesContextBeforeModesTestExecutionListener@fe5ab6b, org.springframework.boot.test.mock.mockito.MockitoTestExecutionListener@1c25ead4, org.springframework.boot.test.autoconfigure.SpringBootDependencyInjectionTestExecutionListener@67c0984d, org.springframework.test.context.support.DirtiesContextTestExecutionListener@7d1507d5, org.springframework.test.context.event.EventPublishingTestExecutionListener@5f8955ef, org.springframework.boot.test.autoconfigure.restdocs.RestDocsTestExecutionListener@6cc97780, org.springframework.boot.test.autoconfigure.web.client.MockRestServiceServerResetTestExecutionListener@fa898a4, org.springframework.boot.test.autoconfigure.web.servlet.MockMvcPrintOnlyOnFailureTestExecutionListener@5ad60d2b, org.springframework.boot.test.autoconfigure.web.servlet.WebDriverTestExecutionListener@4f651db3, org.springframework.boot.test.mock.mockito.ResetMocksTestExecutionListener@68b716a8]
15:13:48.427 [Test worker] DEBUG org.springframework.test.context.support.AbstractDirtiesContextTestExecutionListener - Before test class: context [DefaultTestContext@439e9f3b testClass = MainLoginApplicationTests, testInstance = [null], testMethod = [null], testException = [null], mergedContextConfiguration = [WebMergedContextConfiguration@598dfaec testClass = MainLoginApplicationTests, locations = '{}', classes = '{class com.globallogic.mainlogin.MainLoginApplication}', contextInitializerClasses = '[]', activeProfiles = '{}', propertySourceLocations = '{}', propertySourceProperties = '{org.springframework.boot.test.context.SpringBootTestContextBootstrapper=true}', contextCustomizers = set[org.springframework.boot.test.autoconfigure.properties.PropertyMappingContextCustomizer@0, org.springframework.boot.test.autoconfigure.web.servlet.WebDriverContextCustomizerFactory$Customizer@6854e2fd, org.springframework.boot.test.context.filter.ExcludeFilterContextCustomizer@32958db5, org.springframework.boot.test.json.DuplicateJsonObjectContextCustomizerFactory$DuplicateJsonObjectContextCustomizer@60ca65a1, org.springframework.boot.test.mock.mockito.MockitoContextCustomizer@0, org.springframework.boot.test.web.client.TestRestTemplateContextCustomizer@338a3a75], resourceBasePath = 'src/main/webapp', contextLoader = 'org.springframework.boot.test.context.SpringBootContextLoader', parent = [null]], attributes = map['org.springframework.test.context.web.ServletTestExecutionListener.activateListener' -> true]], class annotated with @DirtiesContext [false] with mode [null].
15:13:48.463 [Test worker] DEBUG org.springframework.test.context.support.TestPropertySourceUtils - Adding inlined properties to environment: {spring.jmx.enabled=false, org.springframework.boot.test.context.SpringBootTestContextBootstrapper=true, server.port=-1}

  .   ____          _            __ _ _
 /\\ / ___'_ __ _ _(_)_ __  __ _ \ \ \ \
( ( )\___ | '_ | '_| | '_ \/ _` | \ \ \ \
 \\/  ___)| |_)| | | | | || (_| |  ) ) ) )
  '  |____| .__|_| |_|_| |_\__, | / / / /
 =========|_|==============|___/=/_/_/_/
 :: Spring Boot ::        (v2.2.4.RELEASE)

2020-01-30 15:13:48.760  INFO 12392 --- [    Test worker] c.g.mainlogin.MainLoginApplicationTests  : Starting MainLoginApplicationTests on CLS3123241FWZ with PID 12392 (started by s7574125 in C:\repository\MAURICIO\main-login)
2020-01-30 15:13:48.761  INFO 12392 --- [    Test worker] c.g.mainlogin.MainLoginApplicationTests  : No active profile set, falling back to default profiles: default
2020-01-30 15:13:50.359  INFO 12392 --- [    Test worker] o.s.s.concurrent.ThreadPoolTaskExecutor  : Initializing ExecutorService 'applicationTaskExecutor'
2020-01-30 15:13:50.683  INFO 12392 --- [    Test worker] c.g.mainlogin.MainLoginApplicationTests  : Started MainLoginApplicationTests in 2.209 seconds (JVM running for 4.141)
]]></system-out>
  <system-err><![CDATA[]]></system-err>
</testsuite>
